{"/Users/taroschenker/Documents/Web Development/FutureProof Course/lap 2/week 3/clienrt/Habitat-Client/client/static/js/auth.js": {"path":"/Users/taroschenker/Documents/Web Development/FutureProof Course/lap 2/week 3/clienrt/Habitat-Client/client/static/js/auth.js","statementMap":{"0":{"start":{"line":4,"column":20},"end":{"line":7,"column":3}},"1":{"start":{"line":9,"column":2},"end":{"line":9,"column":21}},"2":{"start":{"line":10,"column":2},"end":{"line":24,"column":3}},"3":{"start":{"line":11,"column":20},"end":{"line":15,"column":5}},"4":{"start":{"line":16,"column":14},"end":{"line":16,"column":70}},"5":{"start":{"line":17,"column":17},"end":{"line":17,"column":31}},"6":{"start":{"line":18,"column":4},"end":{"line":20,"column":5}},"7":{"start":{"line":19,"column":6},"end":{"line":19,"column":28}},"8":{"start":{"line":21,"column":4},"end":{"line":21,"column":16}},"9":{"start":{"line":23,"column":4},"end":{"line":23,"column":34}},"10":{"start":{"line":28,"column":2},"end":{"line":28,"column":21}},"11":{"start":{"line":29,"column":23},"end":{"line":33,"column":3}},"12":{"start":{"line":35,"column":2},"end":{"line":49,"column":3}},"13":{"start":{"line":36,"column":20},"end":{"line":40,"column":5}},"14":{"start":{"line":41,"column":14},"end":{"line":41,"column":73}},"15":{"start":{"line":42,"column":17},"end":{"line":42,"column":31}},"16":{"start":{"line":43,"column":4},"end":{"line":45,"column":5}},"17":{"start":{"line":44,"column":6},"end":{"line":44,"column":28}},"18":{"start":{"line":46,"column":4},"end":{"line":46,"column":20}},"19":{"start":{"line":48,"column":4},"end":{"line":48,"column":22}},"20":{"start":{"line":62,"column":2},"end":{"line":62,"column":38}},"21":{"start":{"line":63,"column":2},"end":{"line":63,"column":46}},"22":{"start":{"line":64,"column":2},"end":{"line":64,"column":44}},"23":{"start":{"line":66,"column":2},"end":{"line":66,"column":28}},"24":{"start":{"line":70,"column":2},"end":{"line":70,"column":23}},"25":{"start":{"line":71,"column":2},"end":{"line":71,"column":27}},"26":{"start":{"line":75,"column":19},"end":{"line":75,"column":48}},"27":{"start":{"line":76,"column":2},"end":{"line":76,"column":18}},"28":{"start":{"line":79,"column":0},"end":{"line":79,"column":80}}},"fnMap":{"0":{"name":"requestLogin","decl":{"start":{"line":3,"column":15},"end":{"line":3,"column":27}},"loc":{"start":{"line":3,"column":31},"end":{"line":25,"column":1}},"line":3},"1":{"name":"requestRegistration","decl":{"start":{"line":27,"column":15},"end":{"line":27,"column":34}},"loc":{"start":{"line":27,"column":38},"end":{"line":50,"column":1}},"line":27},"2":{"name":"login","decl":{"start":{"line":52,"column":9},"end":{"line":52,"column":14}},"loc":{"start":{"line":52,"column":21},"end":{"line":67,"column":1}},"line":52},"3":{"name":"logout","decl":{"start":{"line":69,"column":9},"end":{"line":69,"column":15}},"loc":{"start":{"line":69,"column":18},"end":{"line":72,"column":1}},"line":69},"4":{"name":"currentUser","decl":{"start":{"line":74,"column":9},"end":{"line":74,"column":20}},"loc":{"start":{"line":74,"column":23},"end":{"line":77,"column":1}},"line":74}},"branchMap":{"0":{"loc":{"start":{"line":18,"column":4},"end":{"line":20,"column":5}},"type":"if","locations":[{"start":{"line":18,"column":4},"end":{"line":20,"column":5}},{"start":{},"end":{}}],"line":18},"1":{"loc":{"start":{"line":43,"column":4},"end":{"line":45,"column":5}},"type":"if","locations":[{"start":{"line":43,"column":4},"end":{"line":45,"column":5}},{"start":{},"end":{}}],"line":43}},"s":{"0":0,"1":0,"2":0,"3":0,"4":0,"5":0,"6":0,"7":0,"8":0,"9":0,"10":0,"11":0,"12":0,"13":0,"14":0,"15":0,"16":0,"17":0,"18":0,"19":0,"20":0,"21":0,"22":0,"23":0,"24":0,"25":0,"26":1,"27":1,"28":1},"f":{"0":0,"1":0,"2":0,"3":0,"4":1},"b":{"0":[0,0],"1":[0,0]},"_coverageSchema":"1a1c01bbd47fc00a2c39e90264f33305004495a9","hash":"eae9d492762087a9bf3d382788f0a6f8c75644ad"}
,"/Users/taroschenker/Documents/Web Development/FutureProof Course/lap 2/week 3/clienrt/Habitat-Client/client/static/js/content.js": {"path":"/Users/taroschenker/Documents/Web Development/FutureProof Course/lap 2/week 3/clienrt/Habitat-Client/client/static/js/content.js","statementMap":{"0":{"start":{"line":2,"column":2},"end":{"line":2,"column":22}},"1":{"start":{"line":3,"column":17},"end":{"line":17,"column":3}},"2":{"start":{"line":18,"column":15},"end":{"line":18,"column":45}},"3":{"start":{"line":19,"column":2},"end":{"line":25,"column":5}},"4":{"start":{"line":20,"column":16},"end":{"line":20,"column":45}},"5":{"start":{"line":21,"column":4},"end":{"line":24,"column":7}},"6":{"start":{"line":22,"column":6},"end":{"line":22,"column":31}},"7":{"start":{"line":23,"column":6},"end":{"line":23,"column":30}},"8":{"start":{"line":26,"column":2},"end":{"line":26,"column":48}},"9":{"start":{"line":27,"column":2},"end":{"line":27,"column":25}},"10":{"start":{"line":31,"column":2},"end":{"line":31,"column":22}},"11":{"start":{"line":32,"column":17},"end":{"line":58,"column":3}},"12":{"start":{"line":59,"column":15},"end":{"line":59,"column":45}},"13":{"start":{"line":60,"column":2},"end":{"line":66,"column":5}},"14":{"start":{"line":61,"column":16},"end":{"line":61,"column":45}},"15":{"start":{"line":62,"column":4},"end":{"line":65,"column":7}},"16":{"start":{"line":63,"column":6},"end":{"line":63,"column":31}},"17":{"start":{"line":64,"column":6},"end":{"line":64,"column":30}},"18":{"start":{"line":67,"column":2},"end":{"line":67,"column":55}},"19":{"start":{"line":68,"column":2},"end":{"line":68,"column":25}},"20":{"start":{"line":73,"column":16},"end":{"line":73,"column":49}},"21":{"start":{"line":75,"column":19},"end":{"line":75,"column":48}},"22":{"start":{"line":76,"column":20},"end":{"line":76,"column":49}},"23":{"start":{"line":77,"column":19},"end":{"line":77,"column":48}},"24":{"start":{"line":78,"column":20},"end":{"line":78,"column":49}},"25":{"start":{"line":79,"column":16},"end":{"line":79,"column":43}},"26":{"start":{"line":82,"column":2},"end":{"line":82,"column":52}},"27":{"start":{"line":83,"column":2},"end":{"line":83,"column":49}},"28":{"start":{"line":84,"column":2},"end":{"line":84,"column":58}},"29":{"start":{"line":85,"column":2},"end":{"line":85,"column":66}},"30":{"start":{"line":86,"column":2},"end":{"line":86,"column":54}},"31":{"start":{"line":88,"column":2},"end":{"line":88,"column":27}},"32":{"start":{"line":90,"column":2},"end":{"line":90,"column":26}},"33":{"start":{"line":91,"column":2},"end":{"line":91,"column":30}},"34":{"start":{"line":92,"column":2},"end":{"line":92,"column":34}},"35":{"start":{"line":93,"column":2},"end":{"line":93,"column":34}},"36":{"start":{"line":94,"column":2},"end":{"line":94,"column":34}},"37":{"start":{"line":95,"column":2},"end":{"line":95,"column":31}},"38":{"start":{"line":101,"column":2},"end":{"line":101,"column":34}},"39":{"start":{"line":102,"column":15},"end":{"line":102,"column":48}},"40":{"start":{"line":104,"column":19},"end":{"line":104,"column":48}},"41":{"start":{"line":105,"column":20},"end":{"line":105,"column":49}},"42":{"start":{"line":106,"column":19},"end":{"line":106,"column":48}},"43":{"start":{"line":107,"column":20},"end":{"line":107,"column":49}},"44":{"start":{"line":108,"column":15},"end":{"line":108,"column":43}},"45":{"start":{"line":109,"column":25},"end":{"line":109,"column":52}},"46":{"start":{"line":110,"column":22},"end":{"line":110,"column":50}},"47":{"start":{"line":111,"column":26},"end":{"line":111,"column":53}},"48":{"start":{"line":112,"column":22},"end":{"line":112,"column":50}},"49":{"start":{"line":113,"column":26},"end":{"line":113,"column":53}},"50":{"start":{"line":116,"column":2},"end":{"line":116,"column":52}},"51":{"start":{"line":117,"column":2},"end":{"line":117,"column":49}},"52":{"start":{"line":118,"column":2},"end":{"line":118,"column":58}},"53":{"start":{"line":119,"column":2},"end":{"line":119,"column":65}},"54":{"start":{"line":120,"column":2},"end":{"line":120,"column":46}},"55":{"start":{"line":121,"column":2},"end":{"line":121,"column":26}},"56":{"start":{"line":122,"column":2},"end":{"line":122,"column":38}},"57":{"start":{"line":123,"column":2},"end":{"line":123,"column":38}},"58":{"start":{"line":124,"column":2},"end":{"line":124,"column":58}},"59":{"start":{"line":125,"column":2},"end":{"line":125,"column":72}},"60":{"start":{"line":127,"column":2},"end":{"line":127,"column":44}},"61":{"start":{"line":129,"column":2},"end":{"line":129,"column":51}},"62":{"start":{"line":130,"column":2},"end":{"line":130,"column":65}},"63":{"start":{"line":131,"column":2},"end":{"line":131,"column":43}},"64":{"start":{"line":133,"column":2},"end":{"line":138,"column":5}},"65":{"start":{"line":134,"column":4},"end":{"line":137,"column":6}},"66":{"start":{"line":140,"column":2},"end":{"line":140,"column":25}},"67":{"start":{"line":141,"column":2},"end":{"line":141,"column":29}},"68":{"start":{"line":142,"column":2},"end":{"line":142,"column":34}},"69":{"start":{"line":143,"column":2},"end":{"line":143,"column":34}},"70":{"start":{"line":144,"column":2},"end":{"line":144,"column":34}},"71":{"start":{"line":145,"column":2},"end":{"line":145,"column":30}},"72":{"start":{"line":146,"column":2},"end":{"line":146,"column":35}},"73":{"start":{"line":147,"column":2},"end":{"line":147,"column":32}},"74":{"start":{"line":148,"column":2},"end":{"line":148,"column":43}},"75":{"start":{"line":149,"column":2},"end":{"line":149,"column":42}},"76":{"start":{"line":150,"column":2},"end":{"line":150,"column":43}},"77":{"start":{"line":154,"column":2},"end":{"line":154,"column":34}},"78":{"start":{"line":155,"column":20},"end":{"line":155,"column":53}},"79":{"start":{"line":156,"column":2},"end":{"line":156,"column":26}},"80":{"start":{"line":157,"column":17},"end":{"line":157,"column":38}},"81":{"start":{"line":158,"column":2},"end":{"line":158,"column":22}},"82":{"start":{"line":160,"column":22},"end":{"line":235,"column":3}},"83":{"start":{"line":162,"column":21},"end":{"line":162,"column":50}},"84":{"start":{"line":165,"column":25},"end":{"line":165,"column":54}},"85":{"start":{"line":166,"column":27},"end":{"line":166,"column":56}},"86":{"start":{"line":167,"column":25},"end":{"line":167,"column":52}},"87":{"start":{"line":168,"column":23},"end":{"line":168,"column":50}},"88":{"start":{"line":169,"column":19},"end":{"line":169,"column":46}},"89":{"start":{"line":170,"column":29},"end":{"line":170,"column":58}},"90":{"start":{"line":171,"column":30},"end":{"line":171,"column":59}},"91":{"start":{"line":172,"column":21},"end":{"line":172,"column":50}},"92":{"start":{"line":173,"column":22},"end":{"line":173,"column":51}},"93":{"start":{"line":174,"column":21},"end":{"line":174,"column":50}},"94":{"start":{"line":175,"column":28},"end":{"line":175,"column":57}},"95":{"start":{"line":176,"column":29},"end":{"line":176,"column":58}},"96":{"start":{"line":177,"column":33},"end":{"line":177,"column":62}},"97":{"start":{"line":178,"column":24},"end":{"line":178,"column":53}},"98":{"start":{"line":181,"column":4},"end":{"line":181,"column":45}},"99":{"start":{"line":182,"column":4},"end":{"line":182,"column":58}},"100":{"start":{"line":183,"column":4},"end":{"line":183,"column":80}},"101":{"start":{"line":184,"column":4},"end":{"line":184,"column":42}},"102":{"start":{"line":185,"column":4},"end":{"line":185,"column":69}},"103":{"start":{"line":186,"column":4},"end":{"line":186,"column":54}},"104":{"start":{"line":187,"column":4},"end":{"line":187,"column":77}},"105":{"start":{"line":188,"column":4},"end":{"line":188,"column":78}},"106":{"start":{"line":189,"column":4},"end":{"line":189,"column":66}},"107":{"start":{"line":190,"column":4},"end":{"line":190,"column":39}},"108":{"start":{"line":191,"column":4},"end":{"line":191,"column":36}},"109":{"start":{"line":192,"column":4},"end":{"line":192,"column":38}},"110":{"start":{"line":193,"column":4},"end":{"line":193,"column":39}},"111":{"start":{"line":194,"column":4},"end":{"line":194,"column":48}},"112":{"start":{"line":195,"column":4},"end":{"line":195,"column":54}},"113":{"start":{"line":197,"column":4},"end":{"line":197,"column":52}},"114":{"start":{"line":199,"column":4},"end":{"line":207,"column":6}},"115":{"start":{"line":210,"column":4},"end":{"line":210,"column":43}},"116":{"start":{"line":212,"column":4},"end":{"line":215,"column":7}},"117":{"start":{"line":213,"column":6},"end":{"line":213,"column":38}},"118":{"start":{"line":214,"column":6},"end":{"line":214,"column":31}},"119":{"start":{"line":218,"column":4},"end":{"line":218,"column":40}},"120":{"start":{"line":219,"column":4},"end":{"line":219,"column":45}},"121":{"start":{"line":220,"column":4},"end":{"line":220,"column":45}},"122":{"start":{"line":221,"column":4},"end":{"line":221,"column":41}},"123":{"start":{"line":222,"column":4},"end":{"line":222,"column":39}},"124":{"start":{"line":223,"column":4},"end":{"line":223,"column":53}},"125":{"start":{"line":224,"column":4},"end":{"line":224,"column":50}},"126":{"start":{"line":225,"column":4},"end":{"line":225,"column":41}},"127":{"start":{"line":226,"column":4},"end":{"line":226,"column":42}},"128":{"start":{"line":227,"column":4},"end":{"line":227,"column":43}},"129":{"start":{"line":229,"column":4},"end":{"line":229,"column":44}},"130":{"start":{"line":230,"column":4},"end":{"line":230,"column":43}},"131":{"start":{"line":232,"column":4},"end":{"line":232,"column":51}},"132":{"start":{"line":233,"column":4},"end":{"line":233,"column":52}},"133":{"start":{"line":234,"column":4},"end":{"line":234,"column":45}},"134":{"start":{"line":236,"column":2},"end":{"line":236,"column":30}},"135":{"start":{"line":237,"column":2},"end":{"line":237,"column":30}},"136":{"start":{"line":241,"column":26},"end":{"line":241,"column":50}},"137":{"start":{"line":242,"column":19},"end":{"line":242,"column":48}},"138":{"start":{"line":244,"column":2},"end":{"line":244,"column":59}},"139":{"start":{"line":246,"column":2},"end":{"line":246,"column":31}},"140":{"start":{"line":250,"column":2},"end":{"line":262,"column":7}},"141":{"start":{"line":259,"column":17},"end":{"line":259,"column":25}},"142":{"start":{"line":261,"column":6},"end":{"line":261,"column":28}},"143":{"start":{"line":290,"column":2},"end":{"line":292,"column":3}},"144":{"start":{"line":291,"column":4},"end":{"line":291,"column":54}},"145":{"start":{"line":294,"column":2},"end":{"line":295,"column":66}},"146":{"start":{"line":297,"column":2},"end":{"line":297,"column":56}},"147":{"start":{"line":299,"column":2},"end":{"line":299,"column":56}},"148":{"start":{"line":301,"column":2},"end":{"line":322,"column":3}},"149":{"start":{"line":302,"column":4},"end":{"line":302,"column":61}},"150":{"start":{"line":303,"column":20},"end":{"line":303,"column":28}},"151":{"start":{"line":304,"column":18},"end":{"line":304,"column":36}},"152":{"start":{"line":305,"column":4},"end":{"line":305,"column":33}},"153":{"start":{"line":306,"column":9},"end":{"line":322,"column":3}},"154":{"start":{"line":307,"column":4},"end":{"line":307,"column":26}},"155":{"start":{"line":308,"column":4},"end":{"line":308,"column":64}},"156":{"start":{"line":309,"column":20},"end":{"line":309,"column":28}},"157":{"start":{"line":310,"column":18},"end":{"line":310,"column":36}},"158":{"start":{"line":311,"column":4},"end":{"line":311,"column":33}},"159":{"start":{"line":312,"column":9},"end":{"line":322,"column":3}},"160":{"start":{"line":313,"column":4},"end":{"line":313,"column":60}},"161":{"start":{"line":314,"column":20},"end":{"line":314,"column":28}},"162":{"start":{"line":315,"column":18},"end":{"line":315,"column":36}},"163":{"start":{"line":316,"column":4},"end":{"line":316,"column":33}},"164":{"start":{"line":318,"column":4},"end":{"line":318,"column":62}},"165":{"start":{"line":319,"column":20},"end":{"line":319,"column":28}},"166":{"start":{"line":320,"column":18},"end":{"line":320,"column":36}},"167":{"start":{"line":321,"column":4},"end":{"line":321,"column":33}},"168":{"start":{"line":324,"column":2},"end":{"line":324,"column":33}},"169":{"start":{"line":326,"column":25},"end":{"line":326,"column":50}},"170":{"start":{"line":327,"column":28},"end":{"line":327,"column":44}},"171":{"start":{"line":328,"column":2},"end":{"line":331,"column":4}},"172":{"start":{"line":333,"column":2},"end":{"line":352,"column":5}},"173":{"start":{"line":335,"column":23},"end":{"line":335,"column":56}},"174":{"start":{"line":337,"column":4},"end":{"line":337,"column":70}},"175":{"start":{"line":339,"column":4},"end":{"line":341,"column":5}},"176":{"start":{"line":340,"column":6},"end":{"line":340,"column":30}},"177":{"start":{"line":343,"column":4},"end":{"line":347,"column":5}},"178":{"start":{"line":344,"column":6},"end":{"line":344,"column":56}},"179":{"start":{"line":345,"column":6},"end":{"line":345,"column":55}},"180":{"start":{"line":346,"column":6},"end":{"line":346,"column":24}},"181":{"start":{"line":349,"column":4},"end":{"line":349,"column":72}},"182":{"start":{"line":350,"column":4},"end":{"line":351,"column":68}},"183":{"start":{"line":356,"column":2},"end":{"line":356,"column":31}},"184":{"start":{"line":357,"column":2},"end":{"line":357,"column":34}},"185":{"start":{"line":358,"column":20},"end":{"line":358,"column":53}},"186":{"start":{"line":359,"column":2},"end":{"line":359,"column":26}},"187":{"start":{"line":360,"column":24},"end":{"line":360,"column":54}},"188":{"start":{"line":362,"column":22},"end":{"line":412,"column":3}},"189":{"start":{"line":363,"column":25},"end":{"line":363,"column":54}},"190":{"start":{"line":364,"column":27},"end":{"line":364,"column":56}},"191":{"start":{"line":365,"column":19},"end":{"line":365,"column":46}},"192":{"start":{"line":366,"column":29},"end":{"line":366,"column":58}},"193":{"start":{"line":367,"column":30},"end":{"line":367,"column":59}},"194":{"start":{"line":368,"column":21},"end":{"line":368,"column":50}},"195":{"start":{"line":369,"column":22},"end":{"line":369,"column":51}},"196":{"start":{"line":370,"column":28},"end":{"line":370,"column":57}},"197":{"start":{"line":371,"column":29},"end":{"line":371,"column":58}},"198":{"start":{"line":372,"column":33},"end":{"line":372,"column":62}},"199":{"start":{"line":373,"column":24},"end":{"line":373,"column":53}},"200":{"start":{"line":375,"column":4},"end":{"line":375,"column":45}},"201":{"start":{"line":376,"column":4},"end":{"line":376,"column":58}},"202":{"start":{"line":377,"column":4},"end":{"line":377,"column":80}},"203":{"start":{"line":378,"column":4},"end":{"line":378,"column":54}},"204":{"start":{"line":379,"column":4},"end":{"line":379,"column":77}},"205":{"start":{"line":380,"column":4},"end":{"line":380,"column":78}},"206":{"start":{"line":381,"column":4},"end":{"line":381,"column":66}},"207":{"start":{"line":382,"column":4},"end":{"line":382,"column":32}},"208":{"start":{"line":383,"column":4},"end":{"line":383,"column":38}},"209":{"start":{"line":384,"column":4},"end":{"line":384,"column":39}},"210":{"start":{"line":385,"column":4},"end":{"line":385,"column":48}},"211":{"start":{"line":386,"column":4},"end":{"line":386,"column":54}},"212":{"start":{"line":388,"column":4},"end":{"line":388,"column":52}},"213":{"start":{"line":390,"column":4},"end":{"line":396,"column":6}},"214":{"start":{"line":398,"column":4},"end":{"line":398,"column":43}},"215":{"start":{"line":401,"column":4},"end":{"line":401,"column":40}},"216":{"start":{"line":402,"column":4},"end":{"line":402,"column":45}},"217":{"start":{"line":403,"column":4},"end":{"line":403,"column":39}},"218":{"start":{"line":404,"column":4},"end":{"line":404,"column":53}},"219":{"start":{"line":405,"column":4},"end":{"line":405,"column":50}},"220":{"start":{"line":406,"column":4},"end":{"line":406,"column":41}},"221":{"start":{"line":407,"column":4},"end":{"line":407,"column":42}},"222":{"start":{"line":408,"column":4},"end":{"line":408,"column":43}},"223":{"start":{"line":409,"column":4},"end":{"line":409,"column":44}},"224":{"start":{"line":410,"column":4},"end":{"line":410,"column":51}},"225":{"start":{"line":411,"column":4},"end":{"line":411,"column":52}},"226":{"start":{"line":413,"column":2},"end":{"line":413,"column":39}},"227":{"start":{"line":414,"column":2},"end":{"line":414,"column":30}},"228":{"start":{"line":418,"column":2},"end":{"line":418,"column":23}},"229":{"start":{"line":419,"column":18},"end":{"line":419,"column":51}},"230":{"start":{"line":420,"column":19},"end":{"line":420,"column":47}},"231":{"start":{"line":421,"column":2},"end":{"line":421,"column":74}},"232":{"start":{"line":422,"column":2},"end":{"line":422,"column":32}},"233":{"start":{"line":423,"column":2},"end":{"line":423,"column":28}},"234":{"start":{"line":427,"column":16},"end":{"line":427,"column":44}},"235":{"start":{"line":428,"column":2},"end":{"line":428,"column":61}},"236":{"start":{"line":429,"column":2},"end":{"line":429,"column":26}},"237":{"start":{"line":433,"column":0},"end":{"line":433,"column":155}}},"fnMap":{"0":{"name":"renderLoginForm","decl":{"start":{"line":1,"column":9},"end":{"line":1,"column":24}},"loc":{"start":{"line":1,"column":27},"end":{"line":28,"column":1}},"line":1},"1":{"name":"(anonymous_1)","decl":{"start":{"line":19,"column":17},"end":{"line":19,"column":18}},"loc":{"start":{"line":19,"column":24},"end":{"line":25,"column":3}},"line":19},"2":{"name":"(anonymous_2)","decl":{"start":{"line":21,"column":41},"end":{"line":21,"column":42}},"loc":{"start":{"line":21,"column":53},"end":{"line":24,"column":5}},"line":21},"3":{"name":"renderRegisterForm","decl":{"start":{"line":30,"column":9},"end":{"line":30,"column":27}},"loc":{"start":{"line":30,"column":30},"end":{"line":69,"column":1}},"line":30},"4":{"name":"(anonymous_4)","decl":{"start":{"line":60,"column":17},"end":{"line":60,"column":18}},"loc":{"start":{"line":60,"column":24},"end":{"line":66,"column":3}},"line":60},"5":{"name":"(anonymous_5)","decl":{"start":{"line":62,"column":41},"end":{"line":62,"column":42}},"loc":{"start":{"line":62,"column":53},"end":{"line":65,"column":5}},"line":62},"6":{"name":"renderHabitPage","decl":{"start":{"line":71,"column":9},"end":{"line":71,"column":24}},"loc":{"start":{"line":71,"column":31},"end":{"line":97,"column":1}},"line":71},"7":{"name":"renderHabitPageMenu","decl":{"start":{"line":99,"column":9},"end":{"line":99,"column":28}},"loc":{"start":{"line":99,"column":41},"end":{"line":151,"column":1}},"line":99},"8":{"name":"(anonymous_8)","decl":{"start":{"line":133,"column":40},"end":{"line":133,"column":41}},"loc":{"start":{"line":133,"column":46},"end":{"line":138,"column":3}},"line":133},"9":{"name":"renderHabitItems","decl":{"start":{"line":153,"column":15},"end":{"line":153,"column":31}},"loc":{"start":{"line":153,"column":34},"end":{"line":238,"column":1}},"line":153},"10":{"name":"(anonymous_10)","decl":{"start":{"line":160,"column":22},"end":{"line":160,"column":23}},"loc":{"start":{"line":160,"column":37},"end":{"line":235,"column":3}},"line":160},"11":{"name":"(anonymous_11)","decl":{"start":{"line":212,"column":43},"end":{"line":212,"column":44}},"loc":{"start":{"line":212,"column":55},"end":{"line":215,"column":5}},"line":212},"12":{"name":"renderProfileImage","decl":{"start":{"line":240,"column":15},"end":{"line":240,"column":33}},"loc":{"start":{"line":240,"column":36},"end":{"line":247,"column":1}},"line":240},"13":{"name":"setCompletedStatus","decl":{"start":{"line":249,"column":9},"end":{"line":249,"column":27}},"loc":{"start":{"line":249,"column":30},"end":{"line":279,"column":1}},"line":249},"14":{"name":"(anonymous_14)","decl":{"start":{"line":259,"column":10},"end":{"line":259,"column":11}},"loc":{"start":{"line":259,"column":17},"end":{"line":259,"column":25}},"line":259},"15":{"name":"(anonymous_15)","decl":{"start":{"line":260,"column":11},"end":{"line":260,"column":12}},"loc":{"start":{"line":260,"column":20},"end":{"line":262,"column":5}},"line":260},"16":{"name":"habitProgressBar","decl":{"start":{"line":281,"column":9},"end":{"line":281,"column":25}},"loc":{"start":{"line":289,"column":2},"end":{"line":353,"column":1}},"line":289},"17":{"name":"(anonymous_17)","decl":{"start":{"line":333,"column":35},"end":{"line":333,"column":36}},"loc":{"start":{"line":333,"column":48},"end":{"line":352,"column":3}},"line":333},"18":{"name":"renderCompletedPage","decl":{"start":{"line":355,"column":15},"end":{"line":355,"column":34}},"loc":{"start":{"line":355,"column":37},"end":{"line":415,"column":1}},"line":355},"19":{"name":"(anonymous_19)","decl":{"start":{"line":362,"column":22},"end":{"line":362,"column":23}},"loc":{"start":{"line":362,"column":37},"end":{"line":412,"column":3}},"line":362},"20":{"name":"renderProfile","decl":{"start":{"line":417,"column":9},"end":{"line":417,"column":22}},"loc":{"start":{"line":417,"column":25},"end":{"line":424,"column":1}},"line":417},"21":{"name":"render404","decl":{"start":{"line":426,"column":9},"end":{"line":426,"column":18}},"loc":{"start":{"line":426,"column":21},"end":{"line":430,"column":1}},"line":426}},"branchMap":{"0":{"loc":{"start":{"line":290,"column":2},"end":{"line":292,"column":3}},"type":"if","locations":[{"start":{"line":290,"column":2},"end":{"line":292,"column":3}},{"start":{},"end":{}}],"line":290},"1":{"loc":{"start":{"line":301,"column":2},"end":{"line":322,"column":3}},"type":"if","locations":[{"start":{"line":301,"column":2},"end":{"line":322,"column":3}},{"start":{"line":306,"column":9},"end":{"line":322,"column":3}}],"line":301},"2":{"loc":{"start":{"line":306,"column":9},"end":{"line":322,"column":3}},"type":"if","locations":[{"start":{"line":306,"column":9},"end":{"line":322,"column":3}},{"start":{"line":312,"column":9},"end":{"line":322,"column":3}}],"line":306},"3":{"loc":{"start":{"line":312,"column":9},"end":{"line":322,"column":3}},"type":"if","locations":[{"start":{"line":312,"column":9},"end":{"line":322,"column":3}},{"start":{"line":317,"column":9},"end":{"line":322,"column":3}}],"line":312},"4":{"loc":{"start":{"line":339,"column":4},"end":{"line":341,"column":5}},"type":"if","locations":[{"start":{"line":339,"column":4},"end":{"line":341,"column":5}},{"start":{},"end":{}}],"line":339},"5":{"loc":{"start":{"line":343,"column":4},"end":{"line":347,"column":5}},"type":"if","locations":[{"start":{"line":343,"column":4},"end":{"line":347,"column":5}},{"start":{},"end":{}}],"line":343}},"s":{"0":0,"1":0,"2":0,"3":0,"4":0,"5":0,"6":0,"7":0,"8":0,"9":0,"10":0,"11":0,"12":0,"13":0,"14":0,"15":0,"16":0,"17":0,"18":0,"19":0,"20":0,"21":0,"22":0,"23":0,"24":0,"25":0,"26":0,"27":0,"28":0,"29":0,"30":0,"31":0,"32":0,"33":0,"34":0,"35":0,"36":0,"37":0,"38":0,"39":0,"40":0,"41":0,"42":0,"43":0,"44":0,"45":0,"46":0,"47":0,"48":0,"49":0,"50":0,"51":0,"52":0,"53":0,"54":0,"55":0,"56":0,"57":0,"58":0,"59":0,"60":0,"61":0,"62":0,"63":0,"64":0,"65":0,"66":0,"67":0,"68":0,"69":0,"70":0,"71":0,"72":0,"73":0,"74":0,"75":0,"76":0,"77":0,"78":0,"79":0,"80":0,"81":0,"82":0,"83":0,"84":0,"85":0,"86":0,"87":0,"88":0,"89":0,"90":0,"91":0,"92":0,"93":0,"94":0,"95":0,"96":0,"97":0,"98":0,"99":0,"100":0,"101":0,"102":0,"103":0,"104":0,"105":0,"106":0,"107":0,"108":0,"109":0,"110":0,"111":0,"112":0,"113":0,"114":0,"115":0,"116":0,"117":0,"118":0,"119":0,"120":0,"121":0,"122":0,"123":0,"124":0,"125":0,"126":0,"127":0,"128":0,"129":0,"130":0,"131":0,"132":0,"133":0,"134":0,"135":0,"136":0,"137":0,"138":0,"139":0,"140":0,"141":0,"142":0,"143":0,"144":0,"145":0,"146":0,"147":0,"148":0,"149":0,"150":0,"151":0,"152":0,"153":0,"154":0,"155":0,"156":0,"157":0,"158":0,"159":0,"160":0,"161":0,"162":0,"163":0,"164":0,"165":0,"166":0,"167":0,"168":0,"169":0,"170":0,"171":0,"172":0,"173":0,"174":0,"175":0,"176":0,"177":0,"178":0,"179":0,"180":0,"181":0,"182":0,"183":0,"184":0,"185":0,"186":0,"187":0,"188":0,"189":0,"190":0,"191":0,"192":0,"193":0,"194":0,"195":0,"196":0,"197":0,"198":0,"199":0,"200":0,"201":0,"202":0,"203":0,"204":0,"205":0,"206":0,"207":0,"208":0,"209":0,"210":0,"211":0,"212":0,"213":0,"214":0,"215":0,"216":0,"217":0,"218":0,"219":0,"220":0,"221":0,"222":0,"223":0,"224":0,"225":0,"226":0,"227":0,"228":0,"229":0,"230":0,"231":0,"232":0,"233":0,"234":0,"235":0,"236":0,"237":1},"f":{"0":0,"1":0,"2":0,"3":0,"4":0,"5":0,"6":0,"7":0,"8":0,"9":0,"10":0,"11":0,"12":0,"13":0,"14":0,"15":0,"16":0,"17":0,"18":0,"19":0,"20":0,"21":0},"b":{"0":[0,0],"1":[0,0],"2":[0,0],"3":[0,0],"4":[0,0],"5":[0,0]},"_coverageSchema":"1a1c01bbd47fc00a2c39e90264f33305004495a9","hash":"841e343d0ba63a5110ef01747ff5cc55d858d121"}
,"/Users/taroschenker/Documents/Web Development/FutureProof Course/lap 2/week 3/clienrt/Habitat-Client/client/static/js/requests.js": {"path":"/Users/taroschenker/Documents/Web Development/FutureProof Course/lap 2/week 3/clienrt/Habitat-Client/client/static/js/requests.js","statementMap":{"0":{"start":{"line":2,"column":2},"end":{"line":8,"column":3}},"1":{"start":{"line":3,"column":21},"end":{"line":3,"column":62}},"2":{"start":{"line":4,"column":17},"end":{"line":4,"column":38}},"3":{"start":{"line":5,"column":4},"end":{"line":5,"column":16}},"4":{"start":{"line":7,"column":4},"end":{"line":7,"column":22}},"5":{"start":{"line":12,"column":11},"end":{"line":12,"column":37}},"6":{"start":{"line":13,"column":2},"end":{"line":25,"column":3}},"7":{"start":{"line":14,"column":20},"end":{"line":16,"column":5}},"8":{"start":{"line":17,"column":21},"end":{"line":20,"column":5}},"9":{"start":{"line":21,"column":17},"end":{"line":21,"column":38}},"10":{"start":{"line":22,"column":4},"end":{"line":22,"column":16}},"11":{"start":{"line":24,"column":4},"end":{"line":24,"column":22}},"12":{"start":{"line":29,"column":11},"end":{"line":29,"column":37}},"13":{"start":{"line":30,"column":16},"end":{"line":30,"column":47}},"14":{"start":{"line":32,"column":2},"end":{"line":44,"column":3}},"15":{"start":{"line":33,"column":20},"end":{"line":35,"column":5}},"16":{"start":{"line":36,"column":21},"end":{"line":39,"column":5}},"17":{"start":{"line":40,"column":17},"end":{"line":40,"column":38}},"18":{"start":{"line":41,"column":4},"end":{"line":41,"column":16}},"19":{"start":{"line":43,"column":4},"end":{"line":43,"column":22}},"20":{"start":{"line":48,"column":11},"end":{"line":48,"column":37}},"21":{"start":{"line":49,"column":2},"end":{"line":61,"column":3}},"22":{"start":{"line":50,"column":20},"end":{"line":52,"column":5}},"23":{"start":{"line":53,"column":21},"end":{"line":56,"column":5}},"24":{"start":{"line":57,"column":17},"end":{"line":57,"column":38}},"25":{"start":{"line":58,"column":4},"end":{"line":58,"column":16}},"26":{"start":{"line":60,"column":4},"end":{"line":60,"column":22}},"27":{"start":{"line":65,"column":11},"end":{"line":65,"column":37}},"28":{"start":{"line":66,"column":2},"end":{"line":80,"column":3}},"29":{"start":{"line":67,"column":20},"end":{"line":70,"column":5}},"30":{"start":{"line":72,"column":21},"end":{"line":75,"column":5}},"31":{"start":{"line":76,"column":17},"end":{"line":76,"column":38}},"32":{"start":{"line":77,"column":4},"end":{"line":77,"column":16}},"33":{"start":{"line":79,"column":4},"end":{"line":79,"column":22}},"34":{"start":{"line":84,"column":11},"end":{"line":84,"column":37}},"35":{"start":{"line":85,"column":19},"end":{"line":89,"column":3}},"36":{"start":{"line":91,"column":2},"end":{"line":106,"column":3}},"37":{"start":{"line":92,"column":20},"end":{"line":96,"column":5}},"38":{"start":{"line":98,"column":14},"end":{"line":98,"column":78}},"39":{"start":{"line":99,"column":17},"end":{"line":99,"column":31}},"40":{"start":{"line":101,"column":4},"end":{"line":103,"column":5}},"41":{"start":{"line":102,"column":6},"end":{"line":102,"column":28}},"42":{"start":{"line":105,"column":4},"end":{"line":105,"column":22}},"43":{"start":{"line":110,"column":2},"end":{"line":122,"column":3}},"44":{"start":{"line":111,"column":20},"end":{"line":113,"column":5}},"45":{"start":{"line":114,"column":21},"end":{"line":117,"column":5}},"46":{"start":{"line":118,"column":17},"end":{"line":118,"column":38}},"47":{"start":{"line":119,"column":4},"end":{"line":119,"column":16}},"48":{"start":{"line":121,"column":4},"end":{"line":121,"column":22}},"49":{"start":{"line":126,"column":11},"end":{"line":126,"column":37}},"50":{"start":{"line":127,"column":2},"end":{"line":132,"column":3}},"51":{"start":{"line":128,"column":20},"end":{"line":128,"column":40}},"52":{"start":{"line":129,"column":4},"end":{"line":129,"column":79}},"53":{"start":{"line":131,"column":4},"end":{"line":131,"column":22}},"54":{"start":{"line":135,"column":0},"end":{"line":135,"column":154}}},"fnMap":{"0":{"name":"getAllUsers","decl":{"start":{"line":1,"column":15},"end":{"line":1,"column":26}},"loc":{"start":{"line":1,"column":29},"end":{"line":9,"column":1}},"line":1},"1":{"name":"getUserHabits","decl":{"start":{"line":11,"column":15},"end":{"line":11,"column":28}},"loc":{"start":{"line":11,"column":31},"end":{"line":26,"column":1}},"line":11},"2":{"name":"getUserSpecificHabits","decl":{"start":{"line":28,"column":15},"end":{"line":28,"column":36}},"loc":{"start":{"line":28,"column":39},"end":{"line":45,"column":1}},"line":28},"3":{"name":"getUserCompletedHabits","decl":{"start":{"line":47,"column":15},"end":{"line":47,"column":37}},"loc":{"start":{"line":47,"column":40},"end":{"line":62,"column":1}},"line":47},"4":{"name":"patchProgress","decl":{"start":{"line":64,"column":15},"end":{"line":64,"column":28}},"loc":{"start":{"line":64,"column":38},"end":{"line":81,"column":1}},"line":64},"5":{"name":"createNewHabit","decl":{"start":{"line":83,"column":15},"end":{"line":83,"column":29}},"loc":{"start":{"line":83,"column":32},"end":{"line":107,"column":1}},"line":83},"6":{"name":"getProfileImages","decl":{"start":{"line":109,"column":15},"end":{"line":109,"column":31}},"loc":{"start":{"line":109,"column":34},"end":{"line":123,"column":1}},"line":109},"7":{"name":"deleteHabit","decl":{"start":{"line":125,"column":15},"end":{"line":125,"column":26}},"loc":{"start":{"line":125,"column":36},"end":{"line":133,"column":1}},"line":125}},"branchMap":{"0":{"loc":{"start":{"line":101,"column":4},"end":{"line":103,"column":5}},"type":"if","locations":[{"start":{"line":101,"column":4},"end":{"line":103,"column":5}},{"start":{},"end":{}}],"line":101}},"s":{"0":0,"1":0,"2":0,"3":0,"4":0,"5":8,"6":8,"7":8,"8":8,"9":8,"10":0,"11":8,"12":1,"13":1,"14":1,"15":1,"16":1,"17":1,"18":0,"19":1,"20":0,"21":0,"22":0,"23":0,"24":0,"25":0,"26":0,"27":0,"28":0,"29":0,"30":0,"31":0,"32":0,"33":0,"34":0,"35":0,"36":0,"37":0,"38":0,"39":0,"40":0,"41":0,"42":0,"43":0,"44":0,"45":0,"46":0,"47":0,"48":0,"49":1,"50":1,"51":1,"52":1,"53":0,"54":1},"f":{"0":0,"1":8,"2":1,"3":0,"4":0,"5":0,"6":0,"7":1},"b":{"0":[0,0]},"_coverageSchema":"1a1c01bbd47fc00a2c39e90264f33305004495a9","hash":"8cfaf0f7a33385945e923eaf7d4a89ab30411c97"}
,"/Users/taroschenker/Documents/Web Development/FutureProof Course/lap 2/week 3/clienrt/Habitat-Client/client/testing/helper.js": {"path":"/Users/taroschenker/Documents/Web Development/FutureProof Course/lap 2/week 3/clienrt/Habitat-Client/client/testing/helper.js","statementMap":{"0":{"start":{"line":1,"column":13},"end":{"line":1,"column":28}},"1":{"start":{"line":2,"column":14},"end":{"line":2,"column":30}},"2":{"start":{"line":3,"column":18},"end":{"line":3,"column":23}},"3":{"start":{"line":5,"column":18},"end":{"line":17,"column":1}},"4":{"start":{"line":6,"column":21},"end":{"line":6,"column":55}},"5":{"start":{"line":8,"column":16},"end":{"line":11,"column":6}},"6":{"start":{"line":12,"column":4},"end":{"line":16,"column":6}},"7":{"start":{"line":13,"column":8},"end":{"line":15,"column":10}},"8":{"start":{"line":14,"column":12},"end":{"line":14,"column":24}},"9":{"start":{"line":19,"column":0},"end":{"line":19,"column":26}}},"fnMap":{"0":{"name":"(anonymous_0)","decl":{"start":{"line":5,"column":18},"end":{"line":5,"column":19}},"loc":{"start":{"line":5,"column":38},"end":{"line":17,"column":1}},"line":5},"1":{"name":"(anonymous_1)","decl":{"start":{"line":12,"column":23},"end":{"line":12,"column":24}},"loc":{"start":{"line":12,"column":39},"end":{"line":16,"column":5}},"line":12},"2":{"name":"(anonymous_2)","decl":{"start":{"line":13,"column":65},"end":{"line":13,"column":66}},"loc":{"start":{"line":13,"column":71},"end":{"line":15,"column":9}},"line":13}},"branchMap":{},"s":{"0":1,"1":1,"2":1,"3":1,"4":5,"5":5,"6":5,"7":5,"8":5,"9":1},"f":{"0":5,"1":5,"2":5},"b":{},"_coverageSchema":"1a1c01bbd47fc00a2c39e90264f33305004495a9","hash":"2016e9ca680422f267037a08d60220006c7ec288"}
}
