TN:
SF:static/js/content.js
FN:1,renderLoginForm
FN:19,(anonymous_1)
FN:21,(anonymous_2)
FN:30,renderRegisterForm
FN:60,(anonymous_4)
FN:62,(anonymous_5)
FN:71,renderHabitPage
FN:99,renderHabitPageMenu
FN:133,(anonymous_8)
FN:153,renderHabitItems
FN:160,(anonymous_10)
FN:212,(anonymous_11)
FN:240,renderProfileImage
FN:249,setCompletedStatus
FN:259,(anonymous_14)
FN:260,(anonymous_15)
FN:281,habitProgressBar
FN:333,(anonymous_17)
FN:355,renderCompletedPage
FN:362,(anonymous_19)
FN:417,renderProfile
FN:426,render404
FNF:22
FNH:0
FNDA:0,renderLoginForm
FNDA:0,(anonymous_1)
FNDA:0,(anonymous_2)
FNDA:0,renderRegisterForm
FNDA:0,(anonymous_4)
FNDA:0,(anonymous_5)
FNDA:0,renderHabitPage
FNDA:0,renderHabitPageMenu
FNDA:0,(anonymous_8)
FNDA:0,renderHabitItems
FNDA:0,(anonymous_10)
FNDA:0,(anonymous_11)
FNDA:0,renderProfileImage
FNDA:0,setCompletedStatus
FNDA:0,(anonymous_14)
FNDA:0,(anonymous_15)
FNDA:0,habitProgressBar
FNDA:0,(anonymous_17)
FNDA:0,renderCompletedPage
FNDA:0,(anonymous_19)
FNDA:0,renderProfile
FNDA:0,render404
DA:2,0
DA:3,0
DA:18,0
DA:19,0
DA:20,0
DA:21,0
DA:22,0
DA:23,0
DA:26,0
DA:27,0
DA:31,0
DA:32,0
DA:59,0
DA:60,0
DA:61,0
DA:62,0
DA:63,0
DA:64,0
DA:67,0
DA:68,0
DA:73,0
DA:75,0
DA:76,0
DA:77,0
DA:78,0
DA:79,0
DA:82,0
DA:83,0
DA:84,0
DA:85,0
DA:86,0
DA:88,0
DA:90,0
DA:91,0
DA:92,0
DA:93,0
DA:94,0
DA:95,0
DA:101,0
DA:102,0
DA:104,0
DA:105,0
DA:106,0
DA:107,0
DA:108,0
DA:109,0
DA:110,0
DA:111,0
DA:112,0
DA:113,0
DA:116,0
DA:117,0
DA:118,0
DA:119,0
DA:120,0
DA:121,0
DA:122,0
DA:123,0
DA:124,0
DA:125,0
DA:127,0
DA:129,0
DA:130,0
DA:131,0
DA:133,0
DA:134,0
DA:140,0
DA:141,0
DA:142,0
DA:143,0
DA:144,0
DA:145,0
DA:146,0
DA:147,0
DA:148,0
DA:149,0
DA:150,0
DA:154,0
DA:155,0
DA:156,0
DA:157,0
DA:158,0
DA:160,0
DA:162,0
DA:165,0
DA:166,0
DA:167,0
DA:168,0
DA:169,0
DA:170,0
DA:171,0
DA:172,0
DA:173,0
DA:174,0
DA:175,0
DA:176,0
DA:177,0
DA:178,0
DA:181,0
DA:182,0
DA:183,0
DA:184,0
DA:185,0
DA:186,0
DA:187,0
DA:188,0
DA:189,0
DA:190,0
DA:191,0
DA:192,0
DA:193,0
DA:194,0
DA:195,0
DA:197,0
DA:199,0
DA:210,0
DA:212,0
DA:213,0
DA:214,0
DA:218,0
DA:219,0
DA:220,0
DA:221,0
DA:222,0
DA:223,0
DA:224,0
DA:225,0
DA:226,0
DA:227,0
DA:229,0
DA:230,0
DA:232,0
DA:233,0
DA:234,0
DA:236,0
DA:237,0
DA:241,0
DA:242,0
DA:244,0
DA:246,0
DA:250,0
DA:259,0
DA:261,0
DA:290,0
DA:291,0
DA:294,0
DA:297,0
DA:299,0
DA:301,0
DA:302,0
DA:303,0
DA:304,0
DA:305,0
DA:306,0
DA:307,0
DA:308,0
DA:309,0
DA:310,0
DA:311,0
DA:312,0
DA:313,0
DA:314,0
DA:315,0
DA:316,0
DA:318,0
DA:319,0
DA:320,0
DA:321,0
DA:324,0
DA:326,0
DA:327,0
DA:328,0
DA:333,0
DA:335,0
DA:337,0
DA:339,0
DA:340,0
DA:343,0
DA:344,0
DA:345,0
DA:346,0
DA:349,0
DA:350,0
DA:356,0
DA:357,0
DA:358,0
DA:359,0
DA:360,0
DA:362,0
DA:363,0
DA:364,0
DA:365,0
DA:366,0
DA:367,0
DA:368,0
DA:369,0
DA:370,0
DA:371,0
DA:372,0
DA:373,0
DA:375,0
DA:376,0
DA:377,0
DA:378,0
DA:379,0
DA:380,0
DA:381,0
DA:382,0
DA:383,0
DA:384,0
DA:385,0
DA:386,0
DA:388,0
DA:390,0
DA:398,0
DA:401,0
DA:402,0
DA:403,0
DA:404,0
DA:405,0
DA:406,0
DA:407,0
DA:408,0
DA:409,0
DA:410,0
DA:411,0
DA:413,0
DA:414,0
DA:418,0
DA:419,0
DA:420,0
DA:421,0
DA:422,0
DA:423,0
DA:427,0
DA:428,0
DA:429,0
DA:433,1
LF:238
LH:1
BRDA:290,0,0,0
BRDA:290,0,1,0
BRDA:301,1,0,0
BRDA:301,1,1,0
BRDA:306,2,0,0
BRDA:306,2,1,0
BRDA:312,3,0,0
BRDA:312,3,1,0
BRDA:339,4,0,0
BRDA:339,4,1,0
BRDA:343,5,0,0
BRDA:343,5,1,0
BRF:12
BRH:0
end_of_record
TN:
SF:static/js/requests.js
FN:1,getAllUsers
FN:11,getUserHabits
FN:28,getUserSpecificHabits
FN:47,getUserCompletedHabits
FN:64,patchProgress
FN:83,createNewHabit
FN:109,getProfileImages
FN:125,deleteHabit
FNF:8
FNH:2
FNDA:1,getAllUsers
FNDA:7,getUserHabits
FNDA:0,getUserSpecificHabits
FNDA:0,getUserCompletedHabits
FNDA:0,patchProgress
FNDA:0,createNewHabit
FNDA:0,getProfileImages
FNDA:0,deleteHabit
DA:2,1
DA:3,1
DA:4,1
DA:5,0
DA:7,1
DA:12,7
DA:13,7
DA:14,7
DA:17,7
DA:21,7
DA:22,0
DA:24,7
DA:29,0
DA:30,0
DA:32,0
DA:33,0
DA:36,0
DA:40,0
DA:41,0
DA:43,0
DA:48,0
DA:49,0
DA:50,0
DA:53,0
DA:57,0
DA:58,0
DA:60,0
DA:65,0
DA:66,0
DA:67,0
DA:72,0
DA:76,0
DA:77,0
DA:79,0
DA:84,0
DA:85,0
DA:91,0
DA:92,0
DA:98,0
DA:99,0
DA:101,0
DA:102,0
DA:105,0
DA:110,0
DA:111,0
DA:114,0
DA:118,0
DA:119,0
DA:121,0
DA:126,0
DA:127,0
DA:128,0
DA:129,0
DA:131,0
DA:135,1
LF:55
LH:11
BRDA:101,0,0,0
BRDA:101,0,1,0
BRF:2
BRH:0
end_of_record
TN:
SF:testing/helper.js
FN:5,(anonymous_0)
FN:12,(anonymous_1)
FN:13,(anonymous_2)
FNF:3
FNH:3
FNDA:2,(anonymous_0)
FNDA:2,(anonymous_1)
FNDA:2,(anonymous_2)
DA:1,1
DA:2,1
DA:3,1
DA:5,1
DA:6,2
DA:8,2
DA:12,2
DA:13,2
DA:14,2
DA:19,1
LF:10
LH:10
BRF:0
BRH:0
end_of_record
